<?xml version="1.0" encoding="UTF-8"?>
<testng-results skipped="0" failed="0" ignored="0" total="1" passed="1">
  <reporter-output>
  </reporter-output>
  <suite name="Default suite" duration-ms="50559" started-at="2019-07-05T11:25:08Z" finished-at="2019-07-05T11:25:59Z">
    <groups>
    </groups>
    <test name="Default test" duration-ms="50559" started-at="2019-07-05T11:25:08Z" finished-at="2019-07-05T11:25:59Z">
      <class name="framework.TestNG">
        <test-method status="PASS" signature="start()[pri:0, instance:framework.TestNG@5622fdf]" name="start" is-config="true" duration-ms="29489" started-at="2019-07-05T11:24:39Z" finished-at="2019-07-05T11:25:08Z">
          <reporter-output>
          </reporter-output>
        </test-method> <!-- start -->
        <test-method status="PASS" signature="liveMatch()[pri:0, instance:framework.TestNG@5622fdf]" name="liveMatch" duration-ms="50118" started-at="2019-07-05T11:25:08Z" finished-at="2019-07-05T11:25:58Z">
          <reporter-output>
          </reporter-output>
        </test-method> <!-- liveMatch -->
        <test-method status="PASS" signature="afterTest()[pri:0, instance:framework.TestNG@5622fdf]" name="afterTest" is-config="true" duration-ms="372" started-at="2019-07-05T11:25:58Z" finished-at="2019-07-05T11:25:59Z">
          <reporter-output>
          </reporter-output>
        </test-method> <!-- afterTest -->
      </class> <!-- framework.TestNG -->
    </test> <!-- Default test -->
  </suite> <!-- Default suite -->
</testng-results>
